<?xml version="1.0" encoding="utf-8"?><testsuites><testsuite name="pytest" errors="0" failures="0" skipped="0" tests="9" time="0.036" timestamp="2026-03-29T20:19:34.567284" hostname="tjzs-desktop"><testcase classname="abb_pi0_bridge.tests.test_bridge_core" name="test_build_observation_orders_joint_state_vectors" time="0.000" /><testcase classname="abb_pi0_bridge.tests.test_bridge_core" name="test_apply_safety_filters_clamps_limits_and_step_size" time="0.000" /><testcase classname="abb_pi0_bridge.tests.test_bridge_core" name="test_observation_freshness_check" time="0.000" /><testcase classname="abb_pi0_bridge.tests.test_bridge_core" name="test_mock_policy_returns_current_joint_positions" time="0.000" /><testcase classname="abb_pi0_bridge.tests.test_control_mode" name="test_parse_control_mode_normalizes_case" time="0.000" /><testcase classname="abb_pi0_bridge.tests.test_control_mode" name="test_command_output_active_requires_streaming_mode_and_arm" time="0.000" /><testcase classname="abb_pi0_bridge.tests.test_policy_backends" name="test_extract_joint_positions_accepts_joint_dict" time="0.000" /><testcase classname="abb_pi0_bridge.tests.test_policy_backends" name="test_http_policy_server_client_parses_response" time="0.001" /><testcase classname="abb_pi0_bridge.tests.test_policy_backends" name="test_extract_joint_positions_rejects_missing_field" time="0.000" /></testsuite></testsuites>